# JRE version: OpenJDK Runtime Environment (17.0.9) (build 17.0.9+0--11185874)
# Java VM: OpenJDK 64-Bit Server VM (17.0.9+0--11185874, mixed mode, tiered, compressed oops, compressed class ptrs, g1 gc, windows-amd64)
GC Precious Log:
 CPUs: 6 total, 6 available
 Memory: 16323M
 Large Page Support: Disabled
 NUMA Support: Disabled
 Compressed Oops: Enabled (32-bit)
 Heap Region Size: 1M
 Heap Min Capacity: 8M
 Heap Initial Capacity: 256M
 Heap Max Capacity: 2G
 Pre-touch: Disabled
 Parallel Workers: 6
 Concurrent Workers: 2
 Concurrent Refinement Workers: 6
 Periodic GC: Disabled
Heap:
 garbage-first heap   total 222208K, used 154747K [0x0000000080000000, 0x0000000100000000)
  region size 1024K, 26 young (26624K), 1 survivors (1024K)
 Metaspace       used 113062K, committed 113728K, reserved 1179648K
  class space    used 14924K, committed 15232K, reserved 1048576K
GC Heap History (20 events):
Event: 24.879 GC heap before
{Heap before GC invocations=45 (full 0):
 garbage-first heap   total 179200K, used 119638K [0x0000000080000000, 0x0000000100000000)
  region size 1024K, 8 young (8192K), 5 survivors (5120K)
 Metaspace       used 84417K, committed 85056K, reserved 1179648K
  class space    used 11692K, committed 11968K, reserved 1048576K
}
Event: 24.882 GC heap after
{Heap after GC invocations=46 (full 0):
 garbage-first heap   total 179200K, used 117485K [0x0000000080000000, 0x0000000100000000)
  region size 1024K, 1 young (1024K), 1 survivors (1024K)
 Metaspace       used 84417K, committed 85056K, reserved 1179648K
  class space    used 11692K, committed 11968K, reserved 1048576K
}
Event: 25.131 GC heap before
{Heap before GC invocations=46 (full 0):
 garbage-first heap   total 179200K, used 144109K [0x0000000080000000, 0x0000000100000000)
  region size 1024K, 27 young (27648K), 1 survivors (1024K)
 Metaspace       used 87608K, committed 88320K, reserved 1179648K
  class space    used 11951K, committed 12288K, reserved 1048576K
}
Event: 25.133 GC heap after
{Heap after GC invocations=47 (full 0):
 garbage-first heap   total 179200K, used 119141K [0x0000000080000000, 0x0000000100000000)
  region size 1024K, 3 young (3072K), 3 survivors (3072K)
 Metaspace       used 87608K, committed 88320K, reserved 1179648K
  class space    used 11951K, committed 12288K, reserved 1048576K
}
Event: 25.458 GC heap before
{Heap before GC invocations=48 (full 0):
 garbage-first heap   total 208896K, used 145765K [0x0000000080000000, 0x0000000100000000)
  region size 1024K, 29 young (29696K), 3 survivors (3072K)
 Metaspace       used 90678K, committed 91328K, reserved 1179648K
  class space    used 12314K, committed 12608K, reserved 1048576K
}
Event: 25.460 GC heap after
{Heap after GC invocations=49 (full 0):
 garbage-first heap   total 208896K, used 120097K [0x0000000080000000, 0x0000000100000000)
  region size 1024K, 3 young (3072K), 3 survivors (3072K)
 Metaspace       used 90678K, committed 91328K, reserved 1179648K
  class space    used 12314K, committed 12608K, reserved 1048576K
}
Event: 25.544 GC heap before
{Heap before GC invocations=49 (full 0):
 garbage-first heap   total 208896K, used 127265K [0x0000000080000000, 0x0000000100000000)
  region size 1024K, 10 young (10240K), 3 survivors (3072K)
 Metaspace       used 91513K, committed 92160K, reserved 1179648K
  class space    used 12427K, committed 12736K, reserved 1048576K
}
Event: 25.547 GC heap after
{Heap after GC invocations=50 (full 0):
 garbage-first heap   total 208896K, used 119936K [0x0000000080000000, 0x0000000100000000)
  region size 1024K, 2 young (2048K), 2 survivors (2048K)
 Metaspace       used 91513K, committed 92160K, reserved 1179648K
  class space    used 12427K, committed 12736K, reserved 1048576K
}
Event: 26.068 GC heap before
{Heap before GC invocations=50 (full 0):
 garbage-first heap   total 208896K, used 167040K [0x0000000080000000, 0x0000000100000000)
  region size 1024K, 48 young (49152K), 2 survivors (2048K)
 Metaspace       used 97516K, committed 98176K, reserved 1179648K
  class space    used 13185K, committed 13504K, reserved 1048576K
}
Event: 26.073 GC heap after
{Heap after GC invocations=51 (full 0):
 garbage-first heap   total 208896K, used 121675K [0x0000000080000000, 0x0000000100000000)
  region size 1024K, 3 young (3072K), 3 survivors (3072K)
 Metaspace       used 97516K, committed 98176K, reserved 1179648K
  class space    used 13185K, committed 13504K, reserved 1048576K
}
Event: 26.403 GC heap before
{Heap before GC invocations=52 (full 0):
 garbage-first heap   total 209920K, used 170827K [0x0000000080000000, 0x0000000100000000)
  region size 1024K, 50 young (51200K), 3 survivors (3072K)
 Metaspace       used 98844K, committed 99520K, reserved 1179648K
  class space    used 13331K, committed 13632K, reserved 1048576K
}
Event: 26.409 GC heap after
{Heap after GC invocations=53 (full 0):
 garbage-first heap   total 209920K, used 124831K [0x0000000080000000, 0x0000000100000000)
  region size 1024K, 7 young (7168K), 7 survivors (7168K)
 Metaspace       used 98844K, committed 99520K, reserved 1179648K
  class space    used 13331K, committed 13632K, reserved 1048576K
}
Event: 26.440 GC heap before
{Heap before GC invocations=53 (full 0):
 garbage-first heap   total 209920K, used 127903K [0x0000000080000000, 0x0000000100000000)
  region size 1024K, 10 young (10240K), 7 survivors (7168K)
 Metaspace       used 98870K, committed 99584K, reserved 1179648K
  class space    used 13331K, committed 13632K, reserved 1048576K
}
Event: 26.445 GC heap after
{Heap after GC invocations=54 (full 0):
 garbage-first heap   total 209920K, used 125042K [0x0000000080000000, 0x0000000100000000)
  region size 1024K, 1 young (1024K), 1 survivors (1024K)
 Metaspace       used 98870K, committed 99584K, reserved 1179648K
  class space    used 13331K, committed 13632K, reserved 1048576K
}
Event: 27.121 GC heap before
{Heap before GC invocations=54 (full 0):
 garbage-first heap   total 209920K, used 172146K [0x0000000080000000, 0x0000000100000000)
  region size 1024K, 47 young (48128K), 1 survivors (1024K)
 Metaspace       used 103460K, committed 104128K, reserved 1179648K
  class space    used 13861K, committed 14144K, reserved 1048576K
}
Event: 27.124 GC heap after
{Heap after GC invocations=55 (full 0):
 garbage-first heap   total 209920K, used 127508K [0x0000000080000000, 0x0000000100000000)
  region size 1024K, 4 young (4096K), 4 survivors (4096K)
 Metaspace       used 103460K, committed 104128K, reserved 1179648K
  class space    used 13861K, committed 14144K, reserved 1048576K
}
Event: 27.997 GC heap before
{Heap before GC invocations=56 (full 0):
 garbage-first heap   total 222208K, used 173588K [0x0000000080000000, 0x0000000100000000)
  region size 1024K, 49 young (50176K), 4 survivors (4096K)
 Metaspace       used 108719K, committed 109376K, reserved 1179648K
  class space    used 14487K, committed 14784K, reserved 1048576K
}
Event: 28.001 GC heap after
{Heap after GC invocations=57 (full 0):
 garbage-first heap   total 222208K, used 129849K [0x0000000080000000, 0x0000000100000000)
  region size 1024K, 6 young (6144K), 6 survivors (6144K)
 Metaspace       used 108719K, committed 109376K, reserved 1179648K
  class space    used 14487K, committed 14784K, reserved 1048576K
}
Event: 28.081 GC heap before
{Heap before GC invocations=57 (full 0):
 garbage-first heap   total 222208K, used 133945K [0x0000000080000000, 0x0000000100000000)
  region size 1024K, 10 young (10240K), 6 survivors (6144K)
 Metaspace       used 109162K, committed 109824K, reserved 1179648K
  class space    used 14541K, committed 14848K, reserved 1048576K
}
Event: 28.084 GC heap after
{Heap after GC invocations=58 (full 0):
 garbage-first heap   total 222208K, used 130171K [0x0000000080000000, 0x0000000100000000)
  region size 1024K, 1 young (1024K), 1 survivors (1024K)
 Metaspace       used 109162K, committed 109824K, reserved 1179648K
  class space    used 14541K, committed 14848K, reserved 1048576K
}

